<?xml version="1.0" encoding="UTF-8"?>
<!-- Generated by org.testng.reporters.JUnitReportReporter -->
<testsuite hostname="DESKTOP-F4LU37J" failures="0" tests="1" name="com.aspireapp.odoo.tests.ProductPageTest" time="32.331" errors="0" timestamp="2022-04-11T19:08:01 IST" skipped="0">
  <testcase classname="com.aspireapp.odoo.tests.ProductPageTest" name="ProductInfo" time="32.331"/>
  <system-out/>
</testsuite> <!-- com.aspireapp.odoo.tests.ProductPageTest -->
